<?xml version="1.0" encoding="UTF-8"?>
<!-- Generated by org.testng.reporters.JUnitReportReporter -->
<testsuite hostname="DESKTOP-3Q0VTQG" failures="0" tests="2" name="com.TestCase.TC_7" time="23.489" errors="0" timestamp="2020-11-18T23:31:52 BDT" skipped="0">
  <testcase classname="com.TestCase.TC_7" name="TestCase7" time="0.150"/>
  <system-out/>
  <testcase classname="com.TestCase.TC_7" name="login" time="23.339"/>
  <system-out/>
</testsuite> <!-- com.TestCase.TC_7 -->
