<?xml version="1.0" encoding="UTF-8"?>
<!-- Generated by org.testng.reporters.JUnitReportReporter -->
<testsuite hostname="DESKTOP-3Q0VTQG" failures="0" tests="2" name="com.TestCase.TC_6" time="31.141" errors="0" timestamp="2020-11-18T23:31:52 BDT" skipped="0">
  <testcase classname="com.TestCase.TC_6" name="TestCase6" time="0.152"/>
  <system-out/>
  <testcase classname="com.TestCase.TC_6" name="login" time="30.989"/>
  <system-out/>
</testsuite> <!-- com.TestCase.TC_6 -->
