<?xml version="1.0" encoding="UTF-8"?>
<!-- Generated by org.testng.reporters.JUnitReportReporter -->
<testsuite hostname="DESKTOP-3Q0VTQG" failures="0" tests="2" name="com.TestCase.TC_5" time="38.652" errors="0" timestamp="2020-11-18T23:31:52 BDT" skipped="0">
  <testcase classname="com.TestCase.TC_5" name="TestCase5" time="5.060"/>
  <system-out/>
  <testcase classname="com.TestCase.TC_5" name="login" time="33.592"/>
  <system-out/>
</testsuite> <!-- com.TestCase.TC_5 -->
