<?xml version="1.0" encoding="UTF-8"?>
<!-- Generated by org.testng.reporters.JUnitReportReporter -->
<testsuite hostname="DESKTOP-3Q0VTQG" failures="0" tests="2" name="com.TestCase.TC_3" time="32.099" errors="0" timestamp="2020-11-18T23:31:52 BDT" skipped="0">
  <testcase classname="com.TestCase.TC_3" name="login" time="31.754"/>
  <system-out/>
  <testcase classname="com.TestCase.TC_3" name="TestCase3" time="0.345"/>
  <system-out/>
</testsuite> <!-- com.TestCase.TC_3 -->
