<?xml version="1.0" encoding="UTF-8"?>
<!-- Generated by org.testng.reporters.JUnitReportReporter -->
<testsuite hostname="DESKTOP-3Q0VTQG" failures="0" tests="2" name="com.TestCase.TC_2" time="42.094" errors="0" timestamp="2020-11-18T23:31:52 BDT" skipped="0">
  <testcase classname="com.TestCase.TC_2" name="TestCase2" time="0.261"/>
  <system-out/>
  <testcase classname="com.TestCase.TC_2" name="login" time="41.833"/>
  <system-out/>
</testsuite> <!-- com.TestCase.TC_2 -->
