<?xml version="1.0" encoding="UTF-8"?>
<!-- Generated by org.testng.reporters.JUnitReportReporter -->
<testsuite hostname="DESKTOP-3Q0VTQG" failures="0" tests="2" name="com.TestCase.TC_1" time="42.878" errors="0" timestamp="2020-11-18T23:31:52 BDT" skipped="0">
  <testcase classname="com.TestCase.TC_1" name="login" time="31.284"/>
  <system-out/>
  <testcase classname="com.TestCase.TC_1" name="TestCase1" time="11.594"/>
  <system-out/>
</testsuite> <!-- com.TestCase.TC_1 -->
