<?xml version="1.0" encoding="UTF-8"?>
<!-- Generated by org.testng.reporters.JUnitReportReporter -->
<testsuite hostname="DESKTOP-3Q0VTQG" failures="0" tests="2" name="com.TestCase.TC_4" time="32.366" errors="0" timestamp="2020-11-18T23:31:52 BDT" skipped="0">
  <testcase classname="com.TestCase.TC_4" name="login" time="32.073"/>
  <system-out/>
  <testcase classname="com.TestCase.TC_4" name="TestCase4" time="0.293"/>
  <system-out/>
</testsuite> <!-- com.TestCase.TC_4 -->
